/usr/lib/python3/dist-packages/setuptools/config/_apply_pyprojecttoml.py:73: _WouldIgnoreField: `description` defined outside of `pyproject.toml` would be ignored.
!!

        ********************************************************************************
        ##########################################################################
        # configuration would be ignored/result in error due to `pyproject.toml` #
        ##########################################################################

        The following seems to be defined outside of `pyproject.toml`:

        `description = 'Visión cenital y control para CargaBot'`

        According to the spec (see the link below), however, setuptools CANNOT
        consider this value unless `description` is listed as `dynamic`.

        https://packaging.python.org/en/latest/specifications/declaring-project-metadata/

        For the time being, `setuptools` will still consider the given value (as a
        **transitional** measure), but please note that future releases of setuptools will
        follow strictly the standard.

        To prevent this warning, you can list `description` under `dynamic` or alternatively
        remove the `[project]` table from your file and rely entirely on other means of
        configuration.

        This deprecation is overdue, please update your project and remove deprecated
        calls to avoid build errors in the future.
        ********************************************************************************

!!
  _handle_missing_dynamic(dist, project_table)
/usr/lib/python3/dist-packages/setuptools/config/_apply_pyprojecttoml.py:73: _WouldIgnoreField: `license` defined outside of `pyproject.toml` would be ignored.
!!

        ********************************************************************************
        ##########################################################################
        # configuration would be ignored/result in error due to `pyproject.toml` #
        ##########################################################################

        The following seems to be defined outside of `pyproject.toml`:

        `license = 'Apache-2.0'`

        According to the spec (see the link below), however, setuptools CANNOT
        consider this value unless `license` is listed as `dynamic`.

        https://packaging.python.org/en/latest/specifications/declaring-project-metadata/

        For the time being, `setuptools` will still consider the given value (as a
        **transitional** measure), but please note that future releases of setuptools will
        follow strictly the standard.

        To prevent this warning, you can list `license` under `dynamic` or alternatively
        remove the `[project]` table from your file and rely entirely on other means of
        configuration.

        This deprecation is overdue, please update your project and remove deprecated
        calls to avoid build errors in the future.
        ********************************************************************************

!!
  _handle_missing_dynamic(dist, project_table)
/usr/lib/python3/dist-packages/setuptools/config/_apply_pyprojecttoml.py:73: _WouldIgnoreField: `maintainers` defined outside of `pyproject.toml` would be ignored.
!!

        ********************************************************************************
        ##########################################################################
        # configuration would be ignored/result in error due to `pyproject.toml` #
        ##########################################################################

        The following seems to be defined outside of `pyproject.toml`:

        `maintainers = 'Felipe'`

        According to the spec (see the link below), however, setuptools CANNOT
        consider this value unless `maintainers` is listed as `dynamic`.

        https://packaging.python.org/en/latest/specifications/declaring-project-metadata/

        For the time being, `setuptools` will still consider the given value (as a
        **transitional** measure), but please note that future releases of setuptools will
        follow strictly the standard.

        To prevent this warning, you can list `maintainers` under `dynamic` or alternatively
        remove the `[project]` table from your file and rely entirely on other means of
        configuration.

        This deprecation is overdue, please update your project and remove deprecated
        calls to avoid build errors in the future.
        ********************************************************************************

!!
  _handle_missing_dynamic(dist, project_table)
/usr/lib/python3/dist-packages/setuptools/config/_apply_pyprojecttoml.py:73: _WouldIgnoreField: `scripts` defined outside of `pyproject.toml` would be ignored.
!!

        ********************************************************************************
        ##########################################################################
        # configuration would be ignored/result in error due to `pyproject.toml` #
        ##########################################################################

        The following seems to be defined outside of `pyproject.toml`:

        `scripts = ['coordinator_node = vision_cenital.overhead_coordinator_node:main', 'virtual_cargabot_node = vision_cenital.virtual_cargabot_node:main']`

        According to the spec (see the link below), however, setuptools CANNOT
        consider this value unless `scripts` is listed as `dynamic`.

        https://packaging.python.org/en/latest/specifications/declaring-project-metadata/

        For the time being, `setuptools` will still consider the given value (as a
        **transitional** measure), but please note that future releases of setuptools will
        follow strictly the standard.

        To prevent this warning, you can list `scripts` under `dynamic` or alternatively
        remove the `[project]` table from your file and rely entirely on other means of
        configuration.

        This deprecation is overdue, please update your project and remove deprecated
        calls to avoid build errors in the future.
        ********************************************************************************

!!
  _handle_missing_dynamic(dist, project_table)
running egg_info
writing build/vision_cenital/vision_cenital.egg-info/PKG-INFO
writing dependency_links to build/vision_cenital/vision_cenital.egg-info/dependency_links.txt
writing entry points to build/vision_cenital/vision_cenital.egg-info/entry_points.txt
writing requirements to build/vision_cenital/vision_cenital.egg-info/requires.txt
writing top-level names to build/vision_cenital/vision_cenital.egg-info/top_level.txt
reading manifest file 'build/vision_cenital/vision_cenital.egg-info/SOURCES.txt'
writing manifest file 'build/vision_cenital/vision_cenital.egg-info/SOURCES.txt'
running build
running build_py
copying vision_cenital/overhead_coordinator_node.py -> /home/felipe/Desktop/Robotica_Proy/Vision_Cenital_Repo/vision_cenital/vision_cenital/build/vision_cenital/build/lib/vision_cenital
running install
running install_lib
copying /home/felipe/Desktop/Robotica_Proy/Vision_Cenital_Repo/vision_cenital/vision_cenital/build/vision_cenital/build/lib/vision_cenital/overhead_coordinator_node.py -> /home/felipe/Desktop/Robotica_Proy/Vision_Cenital_Repo/vision_cenital/vision_cenital/install/vision_cenital/lib/python3.12/site-packages/vision_cenital
byte-compiling /home/felipe/Desktop/Robotica_Proy/Vision_Cenital_Repo/vision_cenital/vision_cenital/install/vision_cenital/lib/python3.12/site-packages/vision_cenital/overhead_coordinator_node.py to overhead_coordinator_node.cpython-312.pyc
running install_data
running install_egg_info
removing '/home/felipe/Desktop/Robotica_Proy/Vision_Cenital_Repo/vision_cenital/vision_cenital/install/vision_cenital/lib/python3.12/site-packages/vision_cenital-0.1.0-py3.12.egg-info' (and everything under it)
Copying build/vision_cenital/vision_cenital.egg-info to /home/felipe/Desktop/Robotica_Proy/Vision_Cenital_Repo/vision_cenital/vision_cenital/install/vision_cenital/lib/python3.12/site-packages/vision_cenital-0.1.0-py3.12.egg-info
running install_scripts
Installing coordinator_node script to /home/felipe/Desktop/Robotica_Proy/Vision_Cenital_Repo/vision_cenital/vision_cenital/install/vision_cenital/lib/vision_cenital
Installing virtual_cargabot_node script to /home/felipe/Desktop/Robotica_Proy/Vision_Cenital_Repo/vision_cenital/vision_cenital/install/vision_cenital/lib/vision_cenital
writing list of installed files to '/home/felipe/Desktop/Robotica_Proy/Vision_Cenital_Repo/vision_cenital/vision_cenital/build/vision_cenital/install.log'
