[0.063s] DEBUG:colcon:Command line arguments: ['/usr/bin/colcon', 'build']
[0.064s] DEBUG:colcon:Parsed command line arguments: Namespace(log_base=None, log_level=None, verb_name='build', build_base='build', install_base='install', merge_install=False, symlink_install=False, test_result_base=None, continue_on_error=False, executor='parallel', parallel_workers=16, event_handlers=None, ignore_user_meta=False, metas=['./colcon.meta'], base_paths=['.'], packages_ignore=None, packages_ignore_regex=None, paths=None, packages_up_to=None, packages_up_to_regex=None, packages_above=None, packages_above_and_dependencies=None, packages_above_depth=None, packages_select_by_dep=None, packages_skip_by_dep=None, packages_skip_up_to=None, packages_select_build_failed=False, packages_skip_build_finished=False, packages_select_test_failures=False, packages_skip_test_passed=False, packages_select=None, packages_skip=None, packages_select_regex=None, packages_skip_regex=None, packages_start=None, packages_end=None, allow_overriding=[], cmake_args=None, cmake_target=None, cmake_target_skip_unavailable=False, cmake_clean_cache=False, cmake_clean_first=False, cmake_force_configure=False, ament_cmake_args=None, catkin_cmake_args=None, catkin_skip_building_tests=False, mixin_files=None, mixin=None, verb_parser=<colcon_mixin.mixin.mixin_argument.MixinArgumentDecorator object at 0x7ad2172cbf50>, verb_extension=<colcon_core.verb.build.BuildVerb object at 0x7ad217225610>, main=<bound method BuildVerb.main of <colcon_core.verb.build.BuildVerb object at 0x7ad217225610>>, mixin_verb=('build',))
[0.089s] Level 1:colcon.colcon_core.package_discovery:discover_packages(colcon_meta) check parameters
[0.089s] Level 1:colcon.colcon_core.package_discovery:discover_packages(recursive) check parameters
[0.089s] Level 1:colcon.colcon_core.package_discovery:discover_packages(ignore) check parameters
[0.089s] Level 1:colcon.colcon_core.package_discovery:discover_packages(path) check parameters
[0.089s] Level 1:colcon.colcon_core.package_discovery:discover_packages(colcon_meta) discover
[0.089s] Level 1:colcon.colcon_core.package_discovery:discover_packages(recursive) discover
[0.089s] INFO:colcon.colcon_core.package_discovery:Crawling recursively for packages in '/home/felipe/Desktop/Robotica_Proy/Vision_Cenital_Repo/vision_cenital/vision_cenital'
[0.089s] Level 1:colcon.colcon_core.package_identification:_identify(.) by extensions ['ignore', 'ignore_ament_install']
[0.089s] Level 1:colcon.colcon_core.package_identification:_identify(.) by extension 'ignore'
[0.089s] Level 1:colcon.colcon_core.package_identification:_identify(.) by extension 'ignore_ament_install'
[0.089s] Level 1:colcon.colcon_core.package_identification:_identify(.) by extensions ['colcon_pkg']
[0.089s] Level 1:colcon.colcon_core.package_identification:_identify(.) by extension 'colcon_pkg'
[0.089s] Level 1:colcon.colcon_core.package_identification:_identify(.) by extensions ['colcon_meta']
[0.089s] Level 1:colcon.colcon_core.package_identification:_identify(.) by extension 'colcon_meta'
[0.089s] Level 1:colcon.colcon_core.package_identification:_identify(.) by extensions ['ros']
[0.089s] Level 1:colcon.colcon_core.package_identification:_identify(.) by extension 'ros'
[0.105s] DEBUG:colcon.colcon_core.package_identification:Package '.' with type 'ros.ament_python' and name 'vision_cenital'
[0.105s] Level 1:colcon.colcon_core.package_discovery:discover_packages(recursive) using defaults
[0.105s] Level 1:colcon.colcon_core.package_discovery:discover_packages(ignore) discover
[0.105s] Level 1:colcon.colcon_core.package_discovery:discover_packages(ignore) using defaults
[0.105s] Level 1:colcon.colcon_core.package_discovery:discover_packages(path) discover
[0.105s] Level 1:colcon.colcon_core.package_discovery:discover_packages(path) using defaults
[0.115s] Level 1:colcon.colcon_core.package_discovery:discover_packages(prefix_path) check parameters
[0.115s] Level 1:colcon.colcon_core.package_discovery:discover_packages(prefix_path) discover
[0.116s] DEBUG:colcon.colcon_installed_package_information.package_discovery:Found 1 installed packages in /home/felipe/Desktop/Robotica_Proy/Vision_Cenital_Repo/vision_cenital/vision_cenital/install
[0.117s] DEBUG:colcon.colcon_installed_package_information.package_discovery:Found 2 installed packages in /home/felipe/Desktop/Robotica_Proy/CargaBot/ROS2_Software/ros2_ws/install
[0.117s] DEBUG:colcon.colcon_installed_package_information.package_discovery:Found 1 installed packages in /home/felipe/ros2_ws/install
[0.118s] DEBUG:colcon.colcon_installed_package_information.package_discovery:Found 255 installed packages in /opt/ros/jazzy
[0.118s] Level 1:colcon.colcon_core.package_discovery:discover_packages(prefix_path) using defaults
[0.136s] Level 5:colcon.colcon_core.verb:set package 'vision_cenital' build argument 'cmake_args' from command line to 'None'
[0.136s] Level 5:colcon.colcon_core.verb:set package 'vision_cenital' build argument 'cmake_target' from command line to 'None'
[0.136s] Level 5:colcon.colcon_core.verb:set package 'vision_cenital' build argument 'cmake_target_skip_unavailable' from command line to 'False'
[0.136s] Level 5:colcon.colcon_core.verb:set package 'vision_cenital' build argument 'cmake_clean_cache' from command line to 'False'
[0.136s] Level 5:colcon.colcon_core.verb:set package 'vision_cenital' build argument 'cmake_clean_first' from command line to 'False'
[0.136s] Level 5:colcon.colcon_core.verb:set package 'vision_cenital' build argument 'cmake_force_configure' from command line to 'False'
[0.136s] Level 5:colcon.colcon_core.verb:set package 'vision_cenital' build argument 'ament_cmake_args' from command line to 'None'
[0.136s] Level 5:colcon.colcon_core.verb:set package 'vision_cenital' build argument 'catkin_cmake_args' from command line to 'None'
[0.136s] Level 5:colcon.colcon_core.verb:set package 'vision_cenital' build argument 'catkin_skip_building_tests' from command line to 'False'
[0.136s] DEBUG:colcon.colcon_core.verb:Building package 'vision_cenital' with the following arguments: {'ament_cmake_args': None, 'build_base': '/home/felipe/Desktop/Robotica_Proy/Vision_Cenital_Repo/vision_cenital/vision_cenital/build/vision_cenital', 'catkin_cmake_args': None, 'catkin_skip_building_tests': False, 'cmake_args': None, 'cmake_clean_cache': False, 'cmake_clean_first': False, 'cmake_force_configure': False, 'cmake_target': None, 'cmake_target_skip_unavailable': False, 'install_base': '/home/felipe/Desktop/Robotica_Proy/Vision_Cenital_Repo/vision_cenital/vision_cenital/install/vision_cenital', 'merge_install': False, 'path': '/home/felipe/Desktop/Robotica_Proy/Vision_Cenital_Repo/vision_cenital/vision_cenital', 'symlink_install': False, 'test_result_base': None}
[0.136s] INFO:colcon.colcon_core.executor:Executing jobs using 'parallel' executor
[0.137s] DEBUG:colcon.colcon_parallel_executor.executor.parallel:run_until_complete
[0.137s] INFO:colcon.colcon_ros.task.ament_python.build:Building ROS package in '/home/felipe/Desktop/Robotica_Proy/Vision_Cenital_Repo/vision_cenital/vision_cenital' with build type 'ament_python'
[0.137s] Level 1:colcon.colcon_core.shell:create_environment_hook('vision_cenital', 'ament_prefix_path')
[0.138s] INFO:colcon.colcon_core.plugin_system:Skipping extension 'colcon_core.shell.bat': Not used on non-Windows systems
[0.138s] INFO:colcon.colcon_core.shell:Creating environment hook '/home/felipe/Desktop/Robotica_Proy/Vision_Cenital_Repo/vision_cenital/vision_cenital/install/vision_cenital/share/vision_cenital/hook/ament_prefix_path.ps1'
[0.139s] INFO:colcon.colcon_core.shell:Creating environment descriptor '/home/felipe/Desktop/Robotica_Proy/Vision_Cenital_Repo/vision_cenital/vision_cenital/install/vision_cenital/share/vision_cenital/hook/ament_prefix_path.dsv'
[0.140s] INFO:colcon.colcon_core.shell:Creating environment hook '/home/felipe/Desktop/Robotica_Proy/Vision_Cenital_Repo/vision_cenital/vision_cenital/install/vision_cenital/share/vision_cenital/hook/ament_prefix_path.sh'
[0.141s] INFO:colcon.colcon_core.shell:Skip shell extension 'powershell' for command environment: Not usable outside of PowerShell
[0.141s] DEBUG:colcon.colcon_core.shell:Skip shell extension 'dsv' for command environment
[0.427s] INFO:colcon.colcon_core.task.python.build:Building Python package in '/home/felipe/Desktop/Robotica_Proy/Vision_Cenital_Repo/vision_cenital/vision_cenital'
[0.427s] INFO:colcon.colcon_core.shell:Skip shell extension 'powershell' for command environment: Not usable outside of PowerShell
[0.428s] DEBUG:colcon.colcon_core.shell:Skip shell extension 'dsv' for command environment
[0.891s] DEBUG:colcon.colcon_core.event_handler.log_command:Invoking command in '/home/felipe/Desktop/Robotica_Proy/Vision_Cenital_Repo/vision_cenital/vision_cenital': DEBUGINFOD_URLS=https://debuginfod.ubuntu.com PYTHONPATH=/home/felipe/Desktop/Robotica_Proy/Vision_Cenital_Repo/vision_cenital/vision_cenital/build/vision_cenital/prefix_override:/usr/lib/python3/dist-packages/colcon_core/task/python/colcon_distutils_commands:/home/felipe/Desktop/Robotica_Proy/Vision_Cenital_Repo/vision_cenital/vision_cenital/install/vision_cenital/lib/python3.12/site-packages:${PYTHONPATH} /usr/bin/python3 -W ignore:setup.py install is deprecated -W ignore:easy_install command is deprecated setup.py egg_info --egg-base build/vision_cenital build --build-base /home/felipe/Desktop/Robotica_Proy/Vision_Cenital_Repo/vision_cenital/vision_cenital/build/vision_cenital/build install --record /home/felipe/Desktop/Robotica_Proy/Vision_Cenital_Repo/vision_cenital/vision_cenital/build/vision_cenital/install.log --single-version-externally-managed install_data
[1.366s] DEBUG:colcon.colcon_core.event_handler.log_command:Invoked command in '/home/felipe/Desktop/Robotica_Proy/Vision_Cenital_Repo/vision_cenital/vision_cenital' returned '0': DEBUGINFOD_URLS=https://debuginfod.ubuntu.com PYTHONPATH=/home/felipe/Desktop/Robotica_Proy/Vision_Cenital_Repo/vision_cenital/vision_cenital/build/vision_cenital/prefix_override:/usr/lib/python3/dist-packages/colcon_core/task/python/colcon_distutils_commands:/home/felipe/Desktop/Robotica_Proy/Vision_Cenital_Repo/vision_cenital/vision_cenital/install/vision_cenital/lib/python3.12/site-packages:${PYTHONPATH} /usr/bin/python3 -W ignore:setup.py install is deprecated -W ignore:easy_install command is deprecated setup.py egg_info --egg-base build/vision_cenital build --build-base /home/felipe/Desktop/Robotica_Proy/Vision_Cenital_Repo/vision_cenital/vision_cenital/build/vision_cenital/build install --record /home/felipe/Desktop/Robotica_Proy/Vision_Cenital_Repo/vision_cenital/vision_cenital/build/vision_cenital/install.log --single-version-externally-managed install_data
[1.367s] Level 1:colcon.colcon_core.environment:checking '/home/felipe/Desktop/Robotica_Proy/Vision_Cenital_Repo/vision_cenital/vision_cenital/install/vision_cenital' for CMake module files
[1.368s] Level 1:colcon.colcon_core.environment:checking '/home/felipe/Desktop/Robotica_Proy/Vision_Cenital_Repo/vision_cenital/vision_cenital/install/vision_cenital' for CMake config files
[1.368s] Level 1:colcon.colcon_core.environment:checking '/home/felipe/Desktop/Robotica_Proy/Vision_Cenital_Repo/vision_cenital/vision_cenital/install/vision_cenital/lib'
[1.368s] Level 1:colcon.colcon_core.environment:checking '/home/felipe/Desktop/Robotica_Proy/Vision_Cenital_Repo/vision_cenital/vision_cenital/install/vision_cenital/bin'
[1.368s] Level 1:colcon.colcon_core.environment:checking '/home/felipe/Desktop/Robotica_Proy/Vision_Cenital_Repo/vision_cenital/vision_cenital/install/vision_cenital/lib/pkgconfig/vision_cenital.pc'
[1.368s] Level 1:colcon.colcon_core.environment:checking '/home/felipe/Desktop/Robotica_Proy/Vision_Cenital_Repo/vision_cenital/vision_cenital/install/vision_cenital/lib/python3.12/site-packages'
[1.368s] Level 1:colcon.colcon_core.shell:create_environment_hook('vision_cenital', 'pythonpath')
[1.369s] INFO:colcon.colcon_core.shell:Creating environment hook '/home/felipe/Desktop/Robotica_Proy/Vision_Cenital_Repo/vision_cenital/vision_cenital/install/vision_cenital/share/vision_cenital/hook/pythonpath.ps1'
[1.369s] INFO:colcon.colcon_core.shell:Creating environment descriptor '/home/felipe/Desktop/Robotica_Proy/Vision_Cenital_Repo/vision_cenital/vision_cenital/install/vision_cenital/share/vision_cenital/hook/pythonpath.dsv'
[1.369s] INFO:colcon.colcon_core.shell:Creating environment hook '/home/felipe/Desktop/Robotica_Proy/Vision_Cenital_Repo/vision_cenital/vision_cenital/install/vision_cenital/share/vision_cenital/hook/pythonpath.sh'
[1.369s] Level 1:colcon.colcon_core.environment:checking '/home/felipe/Desktop/Robotica_Proy/Vision_Cenital_Repo/vision_cenital/vision_cenital/install/vision_cenital/bin'
[1.370s] Level 1:colcon.colcon_core.environment:create_environment_scripts_only(vision_cenital)
[1.370s] INFO:colcon.colcon_core.shell:Creating package script '/home/felipe/Desktop/Robotica_Proy/Vision_Cenital_Repo/vision_cenital/vision_cenital/install/vision_cenital/share/vision_cenital/package.ps1'
[1.370s] INFO:colcon.colcon_core.shell:Creating package descriptor '/home/felipe/Desktop/Robotica_Proy/Vision_Cenital_Repo/vision_cenital/vision_cenital/install/vision_cenital/share/vision_cenital/package.dsv'
[1.371s] INFO:colcon.colcon_core.shell:Creating package script '/home/felipe/Desktop/Robotica_Proy/Vision_Cenital_Repo/vision_cenital/vision_cenital/install/vision_cenital/share/vision_cenital/package.sh'
[1.371s] INFO:colcon.colcon_core.shell:Creating package script '/home/felipe/Desktop/Robotica_Proy/Vision_Cenital_Repo/vision_cenital/vision_cenital/install/vision_cenital/share/vision_cenital/package.bash'
[1.371s] INFO:colcon.colcon_core.shell:Creating package script '/home/felipe/Desktop/Robotica_Proy/Vision_Cenital_Repo/vision_cenital/vision_cenital/install/vision_cenital/share/vision_cenital/package.zsh'
[1.372s] Level 1:colcon.colcon_core.environment:create_file_with_runtime_dependencies(/home/felipe/Desktop/Robotica_Proy/Vision_Cenital_Repo/vision_cenital/vision_cenital/install/vision_cenital/share/colcon-core/packages/vision_cenital)
[1.372s] DEBUG:colcon.colcon_parallel_executor.executor.parallel:closing loop
[1.372s] DEBUG:colcon.colcon_parallel_executor.executor.parallel:loop closed
[1.372s] DEBUG:colcon.colcon_parallel_executor.executor.parallel:run_until_complete finished with '0'
[1.372s] DEBUG:colcon.colcon_core.event_reactor:joining thread
[1.376s] INFO:colcon.colcon_core.plugin_system:Skipping extension 'colcon_notification.desktop_notification.terminal_notifier': Not used on non-Darwin systems
[1.376s] INFO:colcon.colcon_core.plugin_system:Skipping extension 'colcon_notification.desktop_notification.win32': Not used on non-Windows systems
[1.376s] INFO:colcon.colcon_notification.desktop_notification:Sending desktop notification using 'notify2'
[1.388s] DEBUG:colcon.colcon_core.event_reactor:joined thread
[1.388s] INFO:colcon.colcon_core.shell:Creating prefix script '/home/felipe/Desktop/Robotica_Proy/Vision_Cenital_Repo/vision_cenital/vision_cenital/install/local_setup.ps1'
[1.388s] INFO:colcon.colcon_core.shell:Creating prefix util module '/home/felipe/Desktop/Robotica_Proy/Vision_Cenital_Repo/vision_cenital/vision_cenital/install/_local_setup_util_ps1.py'
[1.389s] INFO:colcon.colcon_core.shell:Creating prefix chain script '/home/felipe/Desktop/Robotica_Proy/Vision_Cenital_Repo/vision_cenital/vision_cenital/install/setup.ps1'
[1.390s] INFO:colcon.colcon_core.shell:Creating prefix script '/home/felipe/Desktop/Robotica_Proy/Vision_Cenital_Repo/vision_cenital/vision_cenital/install/local_setup.sh'
[1.390s] INFO:colcon.colcon_core.shell:Creating prefix util module '/home/felipe/Desktop/Robotica_Proy/Vision_Cenital_Repo/vision_cenital/vision_cenital/install/_local_setup_util_sh.py'
[1.390s] INFO:colcon.colcon_core.shell:Creating prefix chain script '/home/felipe/Desktop/Robotica_Proy/Vision_Cenital_Repo/vision_cenital/vision_cenital/install/setup.sh'
[1.391s] INFO:colcon.colcon_core.shell:Creating prefix script '/home/felipe/Desktop/Robotica_Proy/Vision_Cenital_Repo/vision_cenital/vision_cenital/install/local_setup.bash'
[1.391s] INFO:colcon.colcon_core.shell:Creating prefix chain script '/home/felipe/Desktop/Robotica_Proy/Vision_Cenital_Repo/vision_cenital/vision_cenital/install/setup.bash'
[1.392s] INFO:colcon.colcon_core.shell:Creating prefix script '/home/felipe/Desktop/Robotica_Proy/Vision_Cenital_Repo/vision_cenital/vision_cenital/install/local_setup.zsh'
[1.392s] INFO:colcon.colcon_core.shell:Creating prefix chain script '/home/felipe/Desktop/Robotica_Proy/Vision_Cenital_Repo/vision_cenital/vision_cenital/install/setup.zsh'
