running develop
Removing /home/felipe/Desktop/Robotica_Proy/Vision_Cenital_Repo/vision_cenital/vision_cenital/install/vision_cenital/lib/python3.12/site-packages/vision-cenital.egg-link (link to .)
running egg_info
writing build/vision_cenital/vision_cenital.egg-info/PKG-INFO
writing dependency_links to build/vision_cenital/vision_cenital.egg-info/dependency_links.txt
writing entry points to build/vision_cenital/vision_cenital.egg-info/entry_points.txt
writing requirements to build/vision_cenital/vision_cenital.egg-info/requires.txt
writing top-level names to build/vision_cenital/vision_cenital.egg-info/top_level.txt
reading manifest file 'build/vision_cenital/vision_cenital.egg-info/SOURCES.txt'
writing manifest file 'build/vision_cenital/vision_cenital.egg-info/SOURCES.txt'
running build
running build_py
creating /home/felipe/Desktop/Robotica_Proy/Vision_Cenital_Repo/vision_cenital/vision_cenital/build/vision_cenital/build
creating /home/felipe/Desktop/Robotica_Proy/Vision_Cenital_Repo/vision_cenital/vision_cenital/build/vision_cenital/build/lib
creating /home/felipe/Desktop/Robotica_Proy/Vision_Cenital_Repo/vision_cenital/vision_cenital/build/vision_cenital/build/lib/vision_cenital
copying vision_cenital/planning.py -> /home/felipe/Desktop/Robotica_Proy/Vision_Cenital_Repo/vision_cenital/vision_cenital/build/vision_cenital/build/lib/vision_cenital
copying vision_cenital/virtual_cargabot_node.py -> /home/felipe/Desktop/Robotica_Proy/Vision_Cenital_Repo/vision_cenital/vision_cenital/build/vision_cenital/build/lib/vision_cenital
copying vision_cenital/local_controller_node.py -> /home/felipe/Desktop/Robotica_Proy/Vision_Cenital_Repo/vision_cenital/vision_cenital/build/vision_cenital/build/lib/vision_cenital
copying vision_cenital/__init__.py -> /home/felipe/Desktop/Robotica_Proy/Vision_Cenital_Repo/vision_cenital/vision_cenital/build/vision_cenital/build/lib/vision_cenital
copying vision_cenital/overhead_coordinator_node.py -> /home/felipe/Desktop/Robotica_Proy/Vision_Cenital_Repo/vision_cenital/vision_cenital/build/vision_cenital/build/lib/vision_cenital
copying vision_cenital/camera.py -> /home/felipe/Desktop/Robotica_Proy/Vision_Cenital_Repo/vision_cenital/vision_cenital/build/vision_cenital/build/lib/vision_cenital
copying vision_cenital/standalone_app.py -> /home/felipe/Desktop/Robotica_Proy/Vision_Cenital_Repo/vision_cenital/vision_cenital/build/vision_cenital/build/lib/vision_cenital
copying vision_cenital/perception.py -> /home/felipe/Desktop/Robotica_Proy/Vision_Cenital_Repo/vision_cenital/vision_cenital/build/vision_cenital/build/lib/vision_cenital
running install
running install_lib
creating /home/felipe/Desktop/Robotica_Proy/Vision_Cenital_Repo/vision_cenital/vision_cenital/install/vision_cenital/lib/python3.12/site-packages/vision_cenital
copying /home/felipe/Desktop/Robotica_Proy/Vision_Cenital_Repo/vision_cenital/vision_cenital/build/vision_cenital/build/lib/vision_cenital/planning.py -> /home/felipe/Desktop/Robotica_Proy/Vision_Cenital_Repo/vision_cenital/vision_cenital/install/vision_cenital/lib/python3.12/site-packages/vision_cenital
copying /home/felipe/Desktop/Robotica_Proy/Vision_Cenital_Repo/vision_cenital/vision_cenital/build/vision_cenital/build/lib/vision_cenital/virtual_cargabot_node.py -> /home/felipe/Desktop/Robotica_Proy/Vision_Cenital_Repo/vision_cenital/vision_cenital/install/vision_cenital/lib/python3.12/site-packages/vision_cenital
copying /home/felipe/Desktop/Robotica_Proy/Vision_Cenital_Repo/vision_cenital/vision_cenital/build/vision_cenital/build/lib/vision_cenital/local_controller_node.py -> /home/felipe/Desktop/Robotica_Proy/Vision_Cenital_Repo/vision_cenital/vision_cenital/install/vision_cenital/lib/python3.12/site-packages/vision_cenital
copying /home/felipe/Desktop/Robotica_Proy/Vision_Cenital_Repo/vision_cenital/vision_cenital/build/vision_cenital/build/lib/vision_cenital/__init__.py -> /home/felipe/Desktop/Robotica_Proy/Vision_Cenital_Repo/vision_cenital/vision_cenital/install/vision_cenital/lib/python3.12/site-packages/vision_cenital
copying /home/felipe/Desktop/Robotica_Proy/Vision_Cenital_Repo/vision_cenital/vision_cenital/build/vision_cenital/build/lib/vision_cenital/overhead_coordinator_node.py -> /home/felipe/Desktop/Robotica_Proy/Vision_Cenital_Repo/vision_cenital/vision_cenital/install/vision_cenital/lib/python3.12/site-packages/vision_cenital
copying /home/felipe/Desktop/Robotica_Proy/Vision_Cenital_Repo/vision_cenital/vision_cenital/build/vision_cenital/build/lib/vision_cenital/camera.py -> /home/felipe/Desktop/Robotica_Proy/Vision_Cenital_Repo/vision_cenital/vision_cenital/install/vision_cenital/lib/python3.12/site-packages/vision_cenital
copying /home/felipe/Desktop/Robotica_Proy/Vision_Cenital_Repo/vision_cenital/vision_cenital/build/vision_cenital/build/lib/vision_cenital/standalone_app.py -> /home/felipe/Desktop/Robotica_Proy/Vision_Cenital_Repo/vision_cenital/vision_cenital/install/vision_cenital/lib/python3.12/site-packages/vision_cenital
copying /home/felipe/Desktop/Robotica_Proy/Vision_Cenital_Repo/vision_cenital/vision_cenital/build/vision_cenital/build/lib/vision_cenital/perception.py -> /home/felipe/Desktop/Robotica_Proy/Vision_Cenital_Repo/vision_cenital/vision_cenital/install/vision_cenital/lib/python3.12/site-packages/vision_cenital
byte-compiling /home/felipe/Desktop/Robotica_Proy/Vision_Cenital_Repo/vision_cenital/vision_cenital/install/vision_cenital/lib/python3.12/site-packages/vision_cenital/planning.py to planning.cpython-312.pyc
byte-compiling /home/felipe/Desktop/Robotica_Proy/Vision_Cenital_Repo/vision_cenital/vision_cenital/install/vision_cenital/lib/python3.12/site-packages/vision_cenital/virtual_cargabot_node.py to virtual_cargabot_node.cpython-312.pyc
byte-compiling /home/felipe/Desktop/Robotica_Proy/Vision_Cenital_Repo/vision_cenital/vision_cenital/install/vision_cenital/lib/python3.12/site-packages/vision_cenital/local_controller_node.py to local_controller_node.cpython-312.pyc
byte-compiling /home/felipe/Desktop/Robotica_Proy/Vision_Cenital_Repo/vision_cenital/vision_cenital/install/vision_cenital/lib/python3.12/site-packages/vision_cenital/__init__.py to __init__.cpython-312.pyc
byte-compiling /home/felipe/Desktop/Robotica_Proy/Vision_Cenital_Repo/vision_cenital/vision_cenital/install/vision_cenital/lib/python3.12/site-packages/vision_cenital/overhead_coordinator_node.py to overhead_coordinator_node.cpython-312.pyc
byte-compiling /home/felipe/Desktop/Robotica_Proy/Vision_Cenital_Repo/vision_cenital/vision_cenital/install/vision_cenital/lib/python3.12/site-packages/vision_cenital/camera.py to camera.cpython-312.pyc
byte-compiling /home/felipe/Desktop/Robotica_Proy/Vision_Cenital_Repo/vision_cenital/vision_cenital/install/vision_cenital/lib/python3.12/site-packages/vision_cenital/standalone_app.py to standalone_app.cpython-312.pyc
byte-compiling /home/felipe/Desktop/Robotica_Proy/Vision_Cenital_Repo/vision_cenital/vision_cenital/install/vision_cenital/lib/python3.12/site-packages/vision_cenital/perception.py to perception.cpython-312.pyc
running install_data
copying resource/vision_cenital -> /home/felipe/Desktop/Robotica_Proy/Vision_Cenital_Repo/vision_cenital/vision_cenital/install/vision_cenital/share/ament_index/resource_index/packages
copying package.xml -> /home/felipe/Desktop/Robotica_Proy/Vision_Cenital_Repo/vision_cenital/vision_cenital/install/vision_cenital/share/vision_cenital
copying resource/homography_original.yaml -> /home/felipe/Desktop/Robotica_Proy/Vision_Cenital_Repo/vision_cenital/vision_cenital/install/vision_cenital/share/vision_cenital/resource
copying resource/camera_params.yaml -> /home/felipe/Desktop/Robotica_Proy/Vision_Cenital_Repo/vision_cenital/vision_cenital/install/vision_cenital/share/vision_cenital/resource
copying resource/homography_retry.yaml -> /home/felipe/Desktop/Robotica_Proy/Vision_Cenital_Repo/vision_cenital/vision_cenital/install/vision_cenital/share/vision_cenital/resource
running install_egg_info
Copying build/vision_cenital/vision_cenital.egg-info to /home/felipe/Desktop/Robotica_Proy/Vision_Cenital_Repo/vision_cenital/vision_cenital/install/vision_cenital/lib/python3.12/site-packages/vision_cenital-0.1.0-py3.12.egg-info
running install_scripts
Installing coordinator_node script to /home/felipe/Desktop/Robotica_Proy/Vision_Cenital_Repo/vision_cenital/vision_cenital/install/vision_cenital/lib/vision_cenital
Installing virtual_cargabot_node script to /home/felipe/Desktop/Robotica_Proy/Vision_Cenital_Repo/vision_cenital/vision_cenital/install/vision_cenital/lib/vision_cenital
writing list of installed files to '/home/felipe/Desktop/Robotica_Proy/Vision_Cenital_Repo/vision_cenital/vision_cenital/build/vision_cenital/install.log'
