[0.865s] Invoking command in '/home/felipe/Desktop/Robotica_Proy/Vision_Cenital_Repo/vision_cenital/vision_cenital/build/vision_cenital': DEBUGINFOD_URLS=https://debuginfod.ubuntu.com PYTHONPATH=/home/felipe/Desktop/Robotica_Proy/Vision_Cenital_Repo/vision_cenital/vision_cenital/build/vision_cenital/prefix_override:/usr/lib/python3/dist-packages/colcon_core/task/python/colcon_distutils_commands:/home/felipe/Desktop/Robotica_Proy/Vision_Cenital_Repo/vision_cenital/vision_cenital/install/vision_cenital/lib/python3.12/site-packages:${PYTHONPATH} /usr/bin/python3 -W ignore:setup.py install is deprecated -W ignore:easy_install command is deprecated setup.py develop --uninstall --editable --build-directory /home/felipe/Desktop/Robotica_Proy/Vision_Cenital_Repo/vision_cenital/vision_cenital/build/vision_cenital/build
[1.099s] running develop
[1.231s] /usr/lib/python3/dist-packages/setuptools/command/easy_install.py:363: UserWarning: Unbuilt egg for pytest-repeat [unknown version] (/usr/lib/python3/dist-packages)
[1.231s]   self.local_index = Environment(self.shadow_path + sys.path)
[1.263s] Removing /home/felipe/Desktop/Robotica_Proy/Vision_Cenital_Repo/vision_cenital/vision_cenital/install/vision_cenital/lib/python3.12/site-packages/vision-cenital.egg-link (link to .)
[1.287s] Invoked command in '/home/felipe/Desktop/Robotica_Proy/Vision_Cenital_Repo/vision_cenital/vision_cenital/build/vision_cenital' returned '0': DEBUGINFOD_URLS=https://debuginfod.ubuntu.com PYTHONPATH=/home/felipe/Desktop/Robotica_Proy/Vision_Cenital_Repo/vision_cenital/vision_cenital/build/vision_cenital/prefix_override:/usr/lib/python3/dist-packages/colcon_core/task/python/colcon_distutils_commands:/home/felipe/Desktop/Robotica_Proy/Vision_Cenital_Repo/vision_cenital/vision_cenital/install/vision_cenital/lib/python3.12/site-packages:${PYTHONPATH} /usr/bin/python3 -W ignore:setup.py install is deprecated -W ignore:easy_install command is deprecated setup.py develop --uninstall --editable --build-directory /home/felipe/Desktop/Robotica_Proy/Vision_Cenital_Repo/vision_cenital/vision_cenital/build/vision_cenital/build
[1.288s] Invoking command in '/home/felipe/Desktop/Robotica_Proy/Vision_Cenital_Repo/vision_cenital/vision_cenital': DEBUGINFOD_URLS=https://debuginfod.ubuntu.com PYTHONPATH=/home/felipe/Desktop/Robotica_Proy/Vision_Cenital_Repo/vision_cenital/vision_cenital/build/vision_cenital/prefix_override:/usr/lib/python3/dist-packages/colcon_core/task/python/colcon_distutils_commands:/home/felipe/Desktop/Robotica_Proy/Vision_Cenital_Repo/vision_cenital/vision_cenital/install/vision_cenital/lib/python3.12/site-packages:${PYTHONPATH} /usr/bin/python3 -W ignore:setup.py install is deprecated -W ignore:easy_install command is deprecated setup.py egg_info --egg-base build/vision_cenital build --build-base /home/felipe/Desktop/Robotica_Proy/Vision_Cenital_Repo/vision_cenital/vision_cenital/build/vision_cenital/build install --record /home/felipe/Desktop/Robotica_Proy/Vision_Cenital_Repo/vision_cenital/vision_cenital/build/vision_cenital/install.log --single-version-externally-managed install_data --force
[1.464s] /usr/lib/python3/dist-packages/setuptools/config/_apply_pyprojecttoml.py:73: _WouldIgnoreField: `description` defined outside of `pyproject.toml` would be ignored.
[1.464s] !!
[1.464s] 
[1.464s]         ********************************************************************************
[1.465s]         ##########################################################################
[1.465s]         # configuration would be ignored/result in error due to `pyproject.toml` #
[1.465s]         ##########################################################################
[1.465s] 
[1.465s]         The following seems to be defined outside of `pyproject.toml`:
[1.465s] 
[1.465s]         `description = 'Visión cenital y control para CargaBot'`
[1.465s] 
[1.465s]         According to the spec (see the link below), however, setuptools CANNOT
[1.465s]         consider this value unless `description` is listed as `dynamic`.
[1.465s] 
[1.465s]         https://packaging.python.org/en/latest/specifications/declaring-project-metadata/
[1.465s] 
[1.465s]         For the time being, `setuptools` will still consider the given value (as a
[1.466s]         **transitional** measure), but please note that future releases of setuptools will
[1.466s]         follow strictly the standard.
[1.466s] 
[1.466s]         To prevent this warning, you can list `description` under `dynamic` or alternatively
[1.466s]         remove the `[project]` table from your file and rely entirely on other means of
[1.466s]         configuration.
[1.466s] 
[1.466s]         This deprecation is overdue, please update your project and remove deprecated
[1.466s]         calls to avoid build errors in the future.
[1.466s]         ********************************************************************************
[1.466s] 
[1.466s] !!
[1.466s]   _handle_missing_dynamic(dist, project_table)
[1.466s] /usr/lib/python3/dist-packages/setuptools/config/_apply_pyprojecttoml.py:73: _WouldIgnoreField: `license` defined outside of `pyproject.toml` would be ignored.
[1.466s] !!
[1.466s] 
[1.466s]         ********************************************************************************
[1.466s]         ##########################################################################
[1.466s]         # configuration would be ignored/result in error due to `pyproject.toml` #
[1.466s]         ##########################################################################
[1.467s] 
[1.467s]         The following seems to be defined outside of `pyproject.toml`:
[1.467s] 
[1.467s]         `license = 'Apache-2.0'`
[1.467s] 
[1.467s]         According to the spec (see the link below), however, setuptools CANNOT
[1.467s]         consider this value unless `license` is listed as `dynamic`.
[1.467s] 
[1.467s]         https://packaging.python.org/en/latest/specifications/declaring-project-metadata/
[1.467s] 
[1.467s]         For the time being, `setuptools` will still consider the given value (as a
[1.467s]         **transitional** measure), but please note that future releases of setuptools will
[1.467s]         follow strictly the standard.
[1.467s] 
[1.467s]         To prevent this warning, you can list `license` under `dynamic` or alternatively
[1.467s]         remove the `[project]` table from your file and rely entirely on other means of
[1.467s]         configuration.
[1.467s] 
[1.467s]         This deprecation is overdue, please update your project and remove deprecated
[1.467s]         calls to avoid build errors in the future.
[1.468s]         ********************************************************************************
[1.468s] 
[1.468s] !!
[1.468s]   _handle_missing_dynamic(dist, project_table)
[1.468s] /usr/lib/python3/dist-packages/setuptools/config/_apply_pyprojecttoml.py:73: _WouldIgnoreField: `maintainers` defined outside of `pyproject.toml` would be ignored.
[1.468s] !!
[1.468s] 
[1.468s]         ********************************************************************************
[1.468s]         ##########################################################################
[1.468s]         # configuration would be ignored/result in error due to `pyproject.toml` #
[1.468s]         ##########################################################################
[1.468s] 
[1.468s]         The following seems to be defined outside of `pyproject.toml`:
[1.468s] 
[1.468s]         `maintainers = 'Felipe'`
[1.468s] 
[1.468s]         According to the spec (see the link below), however, setuptools CANNOT
[1.468s]         consider this value unless `maintainers` is listed as `dynamic`.
[1.468s] 
[1.469s]         https://packaging.python.org/en/latest/specifications/declaring-project-metadata/
[1.469s] 
[1.469s]         For the time being, `setuptools` will still consider the given value (as a
[1.469s]         **transitional** measure), but please note that future releases of setuptools will
[1.469s]         follow strictly the standard.
[1.469s] 
[1.469s]         To prevent this warning, you can list `maintainers` under `dynamic` or alternatively
[1.469s]         remove the `[project]` table from your file and rely entirely on other means of
[1.469s]         configuration.
[1.469s] 
[1.469s]         This deprecation is overdue, please update your project and remove deprecated
[1.469s]         calls to avoid build errors in the future.
[1.469s]         ********************************************************************************
[1.469s] 
[1.469s] !!
[1.470s]   _handle_missing_dynamic(dist, project_table)
[1.470s] /usr/lib/python3/dist-packages/setuptools/config/_apply_pyprojecttoml.py:73: _WouldIgnoreField: `scripts` defined outside of `pyproject.toml` would be ignored.
[1.470s] !!
[1.470s] 
[1.470s]         ********************************************************************************
[1.471s]         ##########################################################################
[1.471s]         # configuration would be ignored/result in error due to `pyproject.toml` #
[1.471s]         ##########################################################################
[1.471s] 
[1.471s]         The following seems to be defined outside of `pyproject.toml`:
[1.471s] 
[1.471s]         `scripts = ['coordinator_node = vision_cenital.overhead_coordinator_node:main', 'virtual_cargabot_node = vision_cenital.virtual_cargabot_node:main']`
[1.471s] 
[1.471s]         According to the spec (see the link below), however, setuptools CANNOT
[1.471s]         consider this value unless `scripts` is listed as `dynamic`.
[1.471s] 
[1.472s]         https://packaging.python.org/en/latest/specifications/declaring-project-metadata/
[1.472s] 
[1.472s]         For the time being, `setuptools` will still consider the given value (as a
[1.472s]         **transitional** measure), but please note that future releases of setuptools will
[1.472s]         follow strictly the standard.
[1.472s] 
[1.472s]         To prevent this warning, you can list `scripts` under `dynamic` or alternatively
[1.472s]         remove the `[project]` table from your file and rely entirely on other means of
[1.472s]         configuration.
[1.472s] 
[1.472s]         This deprecation is overdue, please update your project and remove deprecated
[1.473s]         calls to avoid build errors in the future.
[1.473s]         ********************************************************************************
[1.473s] 
[1.473s] !!
[1.473s]   _handle_missing_dynamic(dist, project_table)
[1.719s] running egg_info
[1.742s] writing build/vision_cenital/vision_cenital.egg-info/PKG-INFO
[1.742s] writing dependency_links to build/vision_cenital/vision_cenital.egg-info/dependency_links.txt
[1.742s] writing entry points to build/vision_cenital/vision_cenital.egg-info/entry_points.txt
[1.743s] writing requirements to build/vision_cenital/vision_cenital.egg-info/requires.txt
[1.743s] writing top-level names to build/vision_cenital/vision_cenital.egg-info/top_level.txt
[1.786s] reading manifest file 'build/vision_cenital/vision_cenital.egg-info/SOURCES.txt'
[1.787s] writing manifest file 'build/vision_cenital/vision_cenital.egg-info/SOURCES.txt'
[1.787s] running build
[1.787s] running build_py
[1.787s] creating /home/felipe/Desktop/Robotica_Proy/Vision_Cenital_Repo/vision_cenital/vision_cenital/build/vision_cenital/build
[1.787s] creating /home/felipe/Desktop/Robotica_Proy/Vision_Cenital_Repo/vision_cenital/vision_cenital/build/vision_cenital/build/lib
[1.787s] creating /home/felipe/Desktop/Robotica_Proy/Vision_Cenital_Repo/vision_cenital/vision_cenital/build/vision_cenital/build/lib/vision_cenital
[1.787s] copying vision_cenital/planning.py -> /home/felipe/Desktop/Robotica_Proy/Vision_Cenital_Repo/vision_cenital/vision_cenital/build/vision_cenital/build/lib/vision_cenital
[1.788s] copying vision_cenital/virtual_cargabot_node.py -> /home/felipe/Desktop/Robotica_Proy/Vision_Cenital_Repo/vision_cenital/vision_cenital/build/vision_cenital/build/lib/vision_cenital
[1.788s] copying vision_cenital/local_controller_node.py -> /home/felipe/Desktop/Robotica_Proy/Vision_Cenital_Repo/vision_cenital/vision_cenital/build/vision_cenital/build/lib/vision_cenital
[1.788s] copying vision_cenital/__init__.py -> /home/felipe/Desktop/Robotica_Proy/Vision_Cenital_Repo/vision_cenital/vision_cenital/build/vision_cenital/build/lib/vision_cenital
[1.788s] copying vision_cenital/overhead_coordinator_node.py -> /home/felipe/Desktop/Robotica_Proy/Vision_Cenital_Repo/vision_cenital/vision_cenital/build/vision_cenital/build/lib/vision_cenital
[1.788s] copying vision_cenital/camera.py -> /home/felipe/Desktop/Robotica_Proy/Vision_Cenital_Repo/vision_cenital/vision_cenital/build/vision_cenital/build/lib/vision_cenital
[1.788s] copying vision_cenital/standalone_app.py -> /home/felipe/Desktop/Robotica_Proy/Vision_Cenital_Repo/vision_cenital/vision_cenital/build/vision_cenital/build/lib/vision_cenital
[1.789s] copying vision_cenital/perception.py -> /home/felipe/Desktop/Robotica_Proy/Vision_Cenital_Repo/vision_cenital/vision_cenital/build/vision_cenital/build/lib/vision_cenital
[1.789s] running install
[1.795s] running install_lib
[1.817s] creating /home/felipe/Desktop/Robotica_Proy/Vision_Cenital_Repo/vision_cenital/vision_cenital/install/vision_cenital/lib/python3.12/site-packages/vision_cenital
[1.817s] copying /home/felipe/Desktop/Robotica_Proy/Vision_Cenital_Repo/vision_cenital/vision_cenital/build/vision_cenital/build/lib/vision_cenital/planning.py -> /home/felipe/Desktop/Robotica_Proy/Vision_Cenital_Repo/vision_cenital/vision_cenital/install/vision_cenital/lib/python3.12/site-packages/vision_cenital
[1.818s] copying /home/felipe/Desktop/Robotica_Proy/Vision_Cenital_Repo/vision_cenital/vision_cenital/build/vision_cenital/build/lib/vision_cenital/virtual_cargabot_node.py -> /home/felipe/Desktop/Robotica_Proy/Vision_Cenital_Repo/vision_cenital/vision_cenital/install/vision_cenital/lib/python3.12/site-packages/vision_cenital
[1.818s] copying /home/felipe/Desktop/Robotica_Proy/Vision_Cenital_Repo/vision_cenital/vision_cenital/build/vision_cenital/build/lib/vision_cenital/local_controller_node.py -> /home/felipe/Desktop/Robotica_Proy/Vision_Cenital_Repo/vision_cenital/vision_cenital/install/vision_cenital/lib/python3.12/site-packages/vision_cenital
[1.818s] copying /home/felipe/Desktop/Robotica_Proy/Vision_Cenital_Repo/vision_cenital/vision_cenital/build/vision_cenital/build/lib/vision_cenital/__init__.py -> /home/felipe/Desktop/Robotica_Proy/Vision_Cenital_Repo/vision_cenital/vision_cenital/install/vision_cenital/lib/python3.12/site-packages/vision_cenital
[1.818s] copying /home/felipe/Desktop/Robotica_Proy/Vision_Cenital_Repo/vision_cenital/vision_cenital/build/vision_cenital/build/lib/vision_cenital/overhead_coordinator_node.py -> /home/felipe/Desktop/Robotica_Proy/Vision_Cenital_Repo/vision_cenital/vision_cenital/install/vision_cenital/lib/python3.12/site-packages/vision_cenital
[1.818s] copying /home/felipe/Desktop/Robotica_Proy/Vision_Cenital_Repo/vision_cenital/vision_cenital/build/vision_cenital/build/lib/vision_cenital/camera.py -> /home/felipe/Desktop/Robotica_Proy/Vision_Cenital_Repo/vision_cenital/vision_cenital/install/vision_cenital/lib/python3.12/site-packages/vision_cenital
[1.818s] copying /home/felipe/Desktop/Robotica_Proy/Vision_Cenital_Repo/vision_cenital/vision_cenital/build/vision_cenital/build/lib/vision_cenital/standalone_app.py -> /home/felipe/Desktop/Robotica_Proy/Vision_Cenital_Repo/vision_cenital/vision_cenital/install/vision_cenital/lib/python3.12/site-packages/vision_cenital
[1.818s] copying /home/felipe/Desktop/Robotica_Proy/Vision_Cenital_Repo/vision_cenital/vision_cenital/build/vision_cenital/build/lib/vision_cenital/perception.py -> /home/felipe/Desktop/Robotica_Proy/Vision_Cenital_Repo/vision_cenital/vision_cenital/install/vision_cenital/lib/python3.12/site-packages/vision_cenital
[1.819s] byte-compiling /home/felipe/Desktop/Robotica_Proy/Vision_Cenital_Repo/vision_cenital/vision_cenital/install/vision_cenital/lib/python3.12/site-packages/vision_cenital/planning.py to planning.cpython-312.pyc
[1.820s] byte-compiling /home/felipe/Desktop/Robotica_Proy/Vision_Cenital_Repo/vision_cenital/vision_cenital/install/vision_cenital/lib/python3.12/site-packages/vision_cenital/virtual_cargabot_node.py to virtual_cargabot_node.cpython-312.pyc
[1.821s] byte-compiling /home/felipe/Desktop/Robotica_Proy/Vision_Cenital_Repo/vision_cenital/vision_cenital/install/vision_cenital/lib/python3.12/site-packages/vision_cenital/local_controller_node.py to local_controller_node.cpython-312.pyc
[1.821s] byte-compiling /home/felipe/Desktop/Robotica_Proy/Vision_Cenital_Repo/vision_cenital/vision_cenital/install/vision_cenital/lib/python3.12/site-packages/vision_cenital/__init__.py to __init__.cpython-312.pyc
[1.821s] byte-compiling /home/felipe/Desktop/Robotica_Proy/Vision_Cenital_Repo/vision_cenital/vision_cenital/install/vision_cenital/lib/python3.12/site-packages/vision_cenital/overhead_coordinator_node.py to overhead_coordinator_node.cpython-312.pyc
[1.823s] byte-compiling /home/felipe/Desktop/Robotica_Proy/Vision_Cenital_Repo/vision_cenital/vision_cenital/install/vision_cenital/lib/python3.12/site-packages/vision_cenital/camera.py to camera.cpython-312.pyc
[1.823s] byte-compiling /home/felipe/Desktop/Robotica_Proy/Vision_Cenital_Repo/vision_cenital/vision_cenital/install/vision_cenital/lib/python3.12/site-packages/vision_cenital/standalone_app.py to standalone_app.cpython-312.pyc
[1.825s] byte-compiling /home/felipe/Desktop/Robotica_Proy/Vision_Cenital_Repo/vision_cenital/vision_cenital/install/vision_cenital/lib/python3.12/site-packages/vision_cenital/perception.py to perception.cpython-312.pyc
[1.826s] running install_data
[1.826s] copying resource/vision_cenital -> /home/felipe/Desktop/Robotica_Proy/Vision_Cenital_Repo/vision_cenital/vision_cenital/install/vision_cenital/share/ament_index/resource_index/packages
[1.826s] copying package.xml -> /home/felipe/Desktop/Robotica_Proy/Vision_Cenital_Repo/vision_cenital/vision_cenital/install/vision_cenital/share/vision_cenital
[1.827s] copying resource/homography_original.yaml -> /home/felipe/Desktop/Robotica_Proy/Vision_Cenital_Repo/vision_cenital/vision_cenital/install/vision_cenital/share/vision_cenital/resource
[1.827s] copying resource/camera_params.yaml -> /home/felipe/Desktop/Robotica_Proy/Vision_Cenital_Repo/vision_cenital/vision_cenital/install/vision_cenital/share/vision_cenital/resource
[1.827s] copying resource/homography_retry.yaml -> /home/felipe/Desktop/Robotica_Proy/Vision_Cenital_Repo/vision_cenital/vision_cenital/install/vision_cenital/share/vision_cenital/resource
[1.827s] running install_egg_info
[1.844s] Copying build/vision_cenital/vision_cenital.egg-info to /home/felipe/Desktop/Robotica_Proy/Vision_Cenital_Repo/vision_cenital/vision_cenital/install/vision_cenital/lib/python3.12/site-packages/vision_cenital-0.1.0-py3.12.egg-info
[1.844s] running install_scripts
[1.886s] Installing coordinator_node script to /home/felipe/Desktop/Robotica_Proy/Vision_Cenital_Repo/vision_cenital/vision_cenital/install/vision_cenital/lib/vision_cenital
[1.886s] Installing virtual_cargabot_node script to /home/felipe/Desktop/Robotica_Proy/Vision_Cenital_Repo/vision_cenital/vision_cenital/install/vision_cenital/lib/vision_cenital
[1.887s] writing list of installed files to '/home/felipe/Desktop/Robotica_Proy/Vision_Cenital_Repo/vision_cenital/vision_cenital/build/vision_cenital/install.log'
[1.918s] Invoked command in '/home/felipe/Desktop/Robotica_Proy/Vision_Cenital_Repo/vision_cenital/vision_cenital' returned '0': DEBUGINFOD_URLS=https://debuginfod.ubuntu.com PYTHONPATH=/home/felipe/Desktop/Robotica_Proy/Vision_Cenital_Repo/vision_cenital/vision_cenital/build/vision_cenital/prefix_override:/usr/lib/python3/dist-packages/colcon_core/task/python/colcon_distutils_commands:/home/felipe/Desktop/Robotica_Proy/Vision_Cenital_Repo/vision_cenital/vision_cenital/install/vision_cenital/lib/python3.12/site-packages:${PYTHONPATH} /usr/bin/python3 -W ignore:setup.py install is deprecated -W ignore:easy_install command is deprecated setup.py egg_info --egg-base build/vision_cenital build --build-base /home/felipe/Desktop/Robotica_Proy/Vision_Cenital_Repo/vision_cenital/vision_cenital/build/vision_cenital/build install --record /home/felipe/Desktop/Robotica_Proy/Vision_Cenital_Repo/vision_cenital/vision_cenital/build/vision_cenital/install.log --single-version-externally-managed install_data --force
